<?xml version="1.0" encoding="UTF-8"?>
<robot generator="Robot 3.2.2 (Python 3.9.1 on win32)" generated="20210215 20:26:59.290" rpa="false">
<suite id="s1" name="Tests" source="C:\qaninja\robot\web\tests">
<suite id="s1-s1" name="Login Form" source="C:\qaninja\robot\web\tests\login_form.robot">
<test id="s1-s1-t1" name="Senha invalida">
<kw name="Nova sessão" library="base" type="setup">
<kw name="Open Browser" library="SeleniumLibrary">
<doc>Opens a new browser instance to the optional ``url``.</doc>
<arguments>
<arg>${url}</arg>
<arg>chrome</arg>
</arguments>
<msg timestamp="20210215 20:26:59.524" level="INFO">Opening browser 'chrome' to base url 'https://training-wheels-protocol.herokuapp.com'.</msg>
<status status="PASS" starttime="20210215 20:26:59.524" endtime="20210215 20:27:04.130"></status>
</kw>
<status status="PASS" starttime="20210215 20:26:59.524" endtime="20210215 20:27:04.130"></status>
</kw>
<kw name="Go To" library="SeleniumLibrary">
<doc>Navigates the current browser window to the provided ``url``.</doc>
<arguments>
<arg>${url}/login</arg>
</arguments>
<msg timestamp="20210215 20:27:04.131" level="INFO">Opening url 'https://training-wheels-protocol.herokuapp.com/login'</msg>
<status status="PASS" starttime="20210215 20:27:04.131" endtime="20210215 20:27:04.629"></status>
</kw>
<kw name="Input Text" library="SeleniumLibrary">
<doc>Types the given ``text`` into the text field identified by ``locator``.</doc>
<arguments>
<arg>css:input[name=username]</arg>
<arg>stark</arg>
</arguments>
<msg timestamp="20210215 20:27:04.630" level="INFO">Typing text 'stark' into text field 'css:input[name=username]'.</msg>
<status status="PASS" starttime="20210215 20:27:04.630" endtime="20210215 20:27:04.781"></status>
</kw>
<kw name="Input Text" library="SeleniumLibrary">
<doc>Types the given ``text`` into the text field identified by ``locator``.</doc>
<arguments>
<arg>css:input[name=password]</arg>
<arg>123!</arg>
</arguments>
<msg timestamp="20210215 20:27:04.782" level="INFO">Typing text '123!' into text field 'css:input[name=password]'.</msg>
<status status="PASS" starttime="20210215 20:27:04.781" endtime="20210215 20:27:04.924"></status>
</kw>
<kw name="Sleep" library="BuiltIn">
<doc>Pauses the test executed for the given time.</doc>
<arguments>
<arg>5</arg>
</arguments>
<msg timestamp="20210215 20:27:09.926" level="INFO">Slept 5 seconds</msg>
<status status="PASS" starttime="20210215 20:27:04.925" endtime="20210215 20:27:09.926"></status>
</kw>
<kw name="Click Element" library="SeleniumLibrary">
<doc>Click the element identified by ``locator``.</doc>
<arguments>
<arg>class:btn-login</arg>
</arguments>
<msg timestamp="20210215 20:27:09.926" level="INFO">Clicking element 'class:btn-login'.</msg>
<status status="PASS" starttime="20210215 20:27:09.926" endtime="20210215 20:27:10.526"></status>
</kw>
<kw name="Get WebElement" library="SeleniumLibrary">
<doc>Returns the first WebElement matching the given ``locator``.</doc>
<arguments>
<arg>id:flash</arg>
</arguments>
<assign>
<var>${message}</var>
</assign>
<msg timestamp="20210215 20:27:10.550" level="INFO">${message} = &lt;selenium.webdriver.remote.webelement.WebElement (session="9bd1ff48e17ed5d6eaf908d035f68307", element="f63bedbe-969d-4dfb-ad29-26db3c9f21e6")&gt;</msg>
<status status="PASS" starttime="20210215 20:27:10.527" endtime="20210215 20:27:10.550"></status>
</kw>
<kw name="Should Contain" library="BuiltIn">
<doc>Fails if ``container`` does not contain ``item`` one or more times.</doc>
<arguments>
<arg>${message.text}</arg>
<arg>Senha é invalida!</arg>
</arguments>
<status status="PASS" starttime="20210215 20:27:10.551" endtime="20210215 20:27:10.569"></status>
</kw>
<kw name="Encerra sessão" library="base" type="teardown">
<kw name="Capture Page Screenshot" library="SeleniumLibrary">
<doc>Takes a screenshot of the current page and embeds it into a log file.</doc>
<msg timestamp="20210215 20:27:10.937" level="INFO" html="yes">&lt;/td&gt;&lt;/tr&gt;&lt;tr&gt;&lt;td colspan="3"&gt;&lt;a href="selenium-screenshot-67.png"&gt;&lt;img src="selenium-screenshot-67.png" width="800px"&gt;&lt;/a&gt;</msg>
<status status="PASS" starttime="20210215 20:27:10.569" endtime="20210215 20:27:10.938"></status>
</kw>
<kw name="Close Browser" library="SeleniumLibrary">
<doc>Closes the current browser.</doc>
<status status="PASS" starttime="20210215 20:27:10.938" endtime="20210215 20:27:13.141"></status>
</kw>
<status status="PASS" starttime="20210215 20:27:10.569" endtime="20210215 20:27:13.141"></status>
</kw>
<tags>
<tag>login_error</tag>
</tags>
<status status="PASS" starttime="20210215 20:26:59.524" endtime="20210215 20:27:13.141" critical="yes"></status>
</test>
<status status="PASS" starttime="20210215 20:26:59.321" endtime="20210215 20:27:13.141"></status>
</suite>
<status status="PASS" starttime="20210215 20:26:59.290" endtime="20210215 20:27:13.156"></status>
</suite>
<statistics>
<total>
<stat pass="1" fail="0">Critical Tests</stat>
<stat pass="1" fail="0">All Tests</stat>
</total>
<tag>
<stat pass="1" fail="0">login_error</stat>
</tag>
<suite>
<stat pass="1" fail="0" id="s1" name="Tests">Tests</stat>
<stat pass="1" fail="0" id="s1-s1" name="Login Form">Tests.Login Form</stat>
</suite>
</statistics>
<errors>
</errors>
</robot>
