<?xml version="1.0" encoding="UTF-8"?>
<robot generator="Robot 3.2.2 (Python 3.9.1 on win32)" generated="20210130 22:09:04.531" rpa="false">
<suite id="s1" name="Test" source="c:\qaninja\robot\test.robot">
<test id="s1-t1" name="Deve retornar mensagem de boas vindas">
<kw name="Welcome" library="app">
<arguments>
<arg>Robson</arg>
</arguments>
<assign>
<var>${result}</var>
</assign>
<msg timestamp="20210130 22:09:04.571" level="INFO">${result} = Olá Robson, bem vindo ao curso básico de Robot Frameworke!</msg>
<status status="PASS" starttime="20210130 22:09:04.571" endtime="20210130 22:09:04.572"></status>
</kw>
<kw name="Should Be Equal" library="BuiltIn">
<doc>Fails if the given objects are unequal.</doc>
<arguments>
<arg>${result}</arg>
<arg>Olá Robson, bem vindo ao curso básico de Robot Frameworke!</arg>
</arguments>
<status status="PASS" starttime="20210130 22:09:04.572" endtime="20210130 22:09:04.574"></status>
</kw>
<status status="PASS" starttime="20210130 22:09:04.570" endtime="20210130 22:09:04.574" critical="yes"></status>
</test>
<status status="PASS" starttime="20210130 22:09:04.533" endtime="20210130 22:09:04.576"></status>
</suite>
<statistics>
<total>
<stat pass="1" fail="0">Critical Tests</stat>
<stat pass="1" fail="0">All Tests</stat>
</total>
<tag>
</tag>
<suite>
<stat pass="1" fail="0" id="s1" name="Test">Test</stat>
</suite>
</statistics>
<errors>
</errors>
</robot>
