<?xml version="1.0" encoding="UTF-8"?>
<robot generator="Robot 3.2.2 (Python 3.9.1 on darwin)" generated="20210226 20:28:54.801" rpa="false">
<suite id="s1" name="Login Form" source="/Users/robsonrocha/Documents/workspace/estudorobot/robot/web/tests/login_form.robot">
<test id="s1-t1" name="Login com sucesso">
<kw name="Nova sessão" library="base" type="setup">
<kw name="Open Browser" library="SeleniumLibrary">
<doc>Opens a new browser instance to the optional ``url``.</doc>
<arguments>
<arg>${url}</arg>
<arg>chrome</arg>
</arguments>
<msg timestamp="20210226 20:28:55.104" level="INFO">Opening browser 'chrome' to base url 'https://training-wheels-protocol.herokuapp.com'.</msg>
<status status="PASS" starttime="20210226 20:28:55.104" endtime="20210226 20:29:04.611"></status>
</kw>
<kw name="Maximize Browser Window" library="SeleniumLibrary">
<doc>Maximizes current browser window.</doc>
<status status="PASS" starttime="20210226 20:29:04.611" endtime="20210226 20:29:04.751"></status>
</kw>
<status status="PASS" starttime="20210226 20:28:55.103" endtime="20210226 20:29:04.751"></status>
</kw>
<kw name="Go To" library="SeleniumLibrary">
<doc>Navigates the current browser window to the provided ``url``.</doc>
<arguments>
<arg>${url}/login</arg>
</arguments>
<msg timestamp="20210226 20:29:04.752" level="INFO">Opening url 'https://training-wheels-protocol.herokuapp.com/login'</msg>
<status status="PASS" starttime="20210226 20:29:04.752" endtime="20210226 20:29:05.746"></status>
</kw>
<kw name="Input Text" library="SeleniumLibrary">
<doc>Types the given ``text`` into the text field identified by ``locator``.</doc>
<arguments>
<arg>css:input[name=username]</arg>
<arg>${user}</arg>
</arguments>
<msg timestamp="20210226 20:29:05.748" level="INFO">Typing text 'stark' into text field 'css:input[name=username]'.</msg>
<status status="PASS" starttime="20210226 20:29:05.747" endtime="20210226 20:29:05.887"></status>
</kw>
<kw name="Input Text" library="SeleniumLibrary">
<doc>Types the given ``text`` into the text field identified by ``locator``.</doc>
<arguments>
<arg>css:input[name=password]</arg>
<arg>${pwd}</arg>
</arguments>
<msg timestamp="20210226 20:29:05.888" level="INFO">Typing text 'jarvis!' into text field 'css:input[name=password]'.</msg>
<status status="PASS" starttime="20210226 20:29:05.887" endtime="20210226 20:29:05.998"></status>
</kw>
<kw name="Click Element" library="SeleniumLibrary">
<doc>Click the element identified by ``locator``.</doc>
<arguments>
<arg>class:btn-login</arg>
</arguments>
<msg timestamp="20210226 20:29:05.999" level="INFO">Clicking element 'class:btn-login'.</msg>
<status status="PASS" starttime="20210226 20:29:05.999" endtime="20210226 20:29:06.858"></status>
</kw>
<kw name="Page Should Contain" library="SeleniumLibrary">
<doc>Verifies that current page contains ``text``.</doc>
<arguments>
<arg>Olá, Tony Stark. Você acessou a área logada!</arg>
</arguments>
<msg timestamp="20210226 20:29:06.880" level="INFO">Current page contains text 'Olá, Tony Stark. Você acessou a área logada!'.</msg>
<status status="PASS" starttime="20210226 20:29:06.858" endtime="20210226 20:29:06.880"></status>
</kw>
<kw name="Encerra sessão" library="base" type="teardown">
<kw name="Capture Page Screenshot" library="SeleniumLibrary">
<doc>Takes a screenshot of the current page and embeds it into a log file.</doc>
<msg timestamp="20210226 20:29:07.244" level="INFO" html="yes">&lt;/td&gt;&lt;/tr&gt;&lt;tr&gt;&lt;td colspan="3"&gt;&lt;a href="selenium-screenshot-4.png"&gt;&lt;img src="selenium-screenshot-4.png" width="800px"&gt;&lt;/a&gt;</msg>
<status status="PASS" starttime="20210226 20:29:06.881" endtime="20210226 20:29:07.244"></status>
</kw>
<kw name="Close Browser" library="SeleniumLibrary">
<doc>Closes the current browser.</doc>
<status status="PASS" starttime="20210226 20:29:07.245" endtime="20210226 20:29:07.359"></status>
</kw>
<status status="PASS" starttime="20210226 20:29:06.880" endtime="20210226 20:29:07.361"></status>
</kw>
<status status="PASS" starttime="20210226 20:28:55.102" endtime="20210226 20:29:07.361" critical="yes"></status>
</test>
<test id="s1-t2" name="Senha invalida">
<kw name="Nova sessão" library="base" type="setup">
<kw name="Open Browser" library="SeleniumLibrary">
<doc>Opens a new browser instance to the optional ``url``.</doc>
<arguments>
<arg>${url}</arg>
<arg>chrome</arg>
</arguments>
<msg timestamp="20210226 20:29:07.366" level="INFO">Opening browser 'chrome' to base url 'https://training-wheels-protocol.herokuapp.com'.</msg>
<status status="PASS" starttime="20210226 20:29:07.365" endtime="20210226 20:29:20.844"></status>
</kw>
<kw name="Maximize Browser Window" library="SeleniumLibrary">
<doc>Maximizes current browser window.</doc>
<status status="PASS" starttime="20210226 20:29:20.845" endtime="20210226 20:29:20.987"></status>
</kw>
<status status="PASS" starttime="20210226 20:29:07.365" endtime="20210226 20:29:20.988"></status>
</kw>
<kw name="Go To" library="SeleniumLibrary">
<doc>Navigates the current browser window to the provided ``url``.</doc>
<arguments>
<arg>${url}/login</arg>
</arguments>
<msg timestamp="20210226 20:29:20.989" level="INFO">Opening url 'https://training-wheels-protocol.herokuapp.com/login'</msg>
<status status="PASS" starttime="20210226 20:29:20.988" endtime="20210226 20:29:21.814"></status>
</kw>
<kw name="Input Text" library="SeleniumLibrary">
<doc>Types the given ``text`` into the text field identified by ``locator``.</doc>
<arguments>
<arg>css:input[name=username]</arg>
<arg>stark</arg>
</arguments>
<msg timestamp="20210226 20:29:21.815" level="INFO">Typing text 'stark' into text field 'css:input[name=username]'.</msg>
<status status="PASS" starttime="20210226 20:29:21.814" endtime="20210226 20:29:21.964"></status>
</kw>
<kw name="Input Text" library="SeleniumLibrary">
<doc>Types the given ``text`` into the text field identified by ``locator``.</doc>
<arguments>
<arg>css:input[name=password]</arg>
<arg>123!</arg>
</arguments>
<msg timestamp="20210226 20:29:21.964" level="INFO">Typing text '123!' into text field 'css:input[name=password]'.</msg>
<status status="PASS" starttime="20210226 20:29:21.964" endtime="20210226 20:29:22.084"></status>
</kw>
<kw name="Sleep" library="BuiltIn">
<doc>Pauses the test executed for the given time.</doc>
<arguments>
<arg>5</arg>
</arguments>
<msg timestamp="20210226 20:29:27.085" level="INFO">Slept 5 seconds</msg>
<status status="PASS" starttime="20210226 20:29:22.084" endtime="20210226 20:29:27.086"></status>
</kw>
<kw name="Click Element" library="SeleniumLibrary">
<doc>Click the element identified by ``locator``.</doc>
<arguments>
<arg>class:btn-login</arg>
</arguments>
<msg timestamp="20210226 20:29:27.087" level="INFO">Clicking element 'class:btn-login'.</msg>
<status status="PASS" starttime="20210226 20:29:27.086" endtime="20210226 20:29:28.045"></status>
</kw>
<kw name="Get WebElement" library="SeleniumLibrary">
<doc>Returns the first WebElement matching the given ``locator``.</doc>
<arguments>
<arg>id:flash</arg>
</arguments>
<assign>
<var>${message}</var>
</assign>
<msg timestamp="20210226 20:29:28.060" level="INFO">${message} = &lt;selenium.webdriver.remote.webelement.WebElement (session="4266ef5dc7fb50f834c38c99b1809f02", element="c4b3d6e1-3ef4-4f66-96f5-d71e4285871a")&gt;</msg>
<status status="PASS" starttime="20210226 20:29:28.046" endtime="20210226 20:29:28.060"></status>
</kw>
<kw name="Should Contain" library="BuiltIn">
<doc>Fails if ``container`` does not contain ``item`` one or more times.</doc>
<arguments>
<arg>${message.text}</arg>
<arg>Senha é invalida!</arg>
</arguments>
<status status="PASS" starttime="20210226 20:29:28.060" endtime="20210226 20:29:28.079"></status>
</kw>
<kw name="Encerra sessão" library="base" type="teardown">
<kw name="Capture Page Screenshot" library="SeleniumLibrary">
<doc>Takes a screenshot of the current page and embeds it into a log file.</doc>
<msg timestamp="20210226 20:29:28.458" level="INFO" html="yes">&lt;/td&gt;&lt;/tr&gt;&lt;tr&gt;&lt;td colspan="3"&gt;&lt;a href="selenium-screenshot-5.png"&gt;&lt;img src="selenium-screenshot-5.png" width="800px"&gt;&lt;/a&gt;</msg>
<status status="PASS" starttime="20210226 20:29:28.081" endtime="20210226 20:29:28.458"></status>
</kw>
<kw name="Close Browser" library="SeleniumLibrary">
<doc>Closes the current browser.</doc>
<status status="PASS" starttime="20210226 20:29:28.458" endtime="20210226 20:29:28.602"></status>
</kw>
<status status="PASS" starttime="20210226 20:29:28.080" endtime="20210226 20:29:28.603"></status>
</kw>
<tags>
<tag>login_error</tag>
</tags>
<status status="PASS" starttime="20210226 20:29:07.363" endtime="20210226 20:29:28.604" critical="yes"></status>
</test>
<test id="s1-t3" name="Usuário não existe">
<kw name="Nova sessão" library="base" type="setup">
<kw name="Open Browser" library="SeleniumLibrary">
<doc>Opens a new browser instance to the optional ``url``.</doc>
<arguments>
<arg>${url}</arg>
<arg>chrome</arg>
</arguments>
<msg timestamp="20210226 20:29:28.607" level="INFO">Opening browser 'chrome' to base url 'https://training-wheels-protocol.herokuapp.com'.</msg>
<status status="PASS" starttime="20210226 20:29:28.607" endtime="20210226 20:29:39.145"></status>
</kw>
<kw name="Maximize Browser Window" library="SeleniumLibrary">
<doc>Maximizes current browser window.</doc>
<status status="PASS" starttime="20210226 20:29:39.146" endtime="20210226 20:29:39.288"></status>
</kw>
<status status="PASS" starttime="20210226 20:29:28.606" endtime="20210226 20:29:39.289"></status>
</kw>
<kw name="Go To" library="SeleniumLibrary">
<doc>Navigates the current browser window to the provided ``url``.</doc>
<arguments>
<arg>${url}/login</arg>
</arguments>
<msg timestamp="20210226 20:29:39.290" level="INFO">Opening url 'https://training-wheels-protocol.herokuapp.com/login'</msg>
<status status="PASS" starttime="20210226 20:29:39.289" endtime="20210226 20:29:40.284"></status>
</kw>
<kw name="Input Text" library="SeleniumLibrary">
<doc>Types the given ``text`` into the text field identified by ``locator``.</doc>
<arguments>
<arg>css:input[name=username]</arg>
<arg>robson</arg>
</arguments>
<msg timestamp="20210226 20:29:40.286" level="INFO">Typing text 'robson' into text field 'css:input[name=username]'.</msg>
<status status="PASS" starttime="20210226 20:29:40.285" endtime="20210226 20:29:40.435"></status>
</kw>
<kw name="Input Text" library="SeleniumLibrary">
<doc>Types the given ``text`` into the text field identified by ``locator``.</doc>
<arguments>
<arg>css:input[name=password]</arg>
<arg>123!</arg>
</arguments>
<msg timestamp="20210226 20:29:40.435" level="INFO">Typing text '123!' into text field 'css:input[name=password]'.</msg>
<status status="PASS" starttime="20210226 20:29:40.435" endtime="20210226 20:29:40.541"></status>
</kw>
<kw name="Sleep" library="BuiltIn">
<doc>Pauses the test executed for the given time.</doc>
<arguments>
<arg>5</arg>
</arguments>
<msg timestamp="20210226 20:29:45.544" level="INFO">Slept 5 seconds</msg>
<status status="PASS" starttime="20210226 20:29:40.541" endtime="20210226 20:29:45.544"></status>
</kw>
<kw name="Click Element" library="SeleniumLibrary">
<doc>Click the element identified by ``locator``.</doc>
<arguments>
<arg>class:btn-login</arg>
</arguments>
<msg timestamp="20210226 20:29:45.546" level="INFO">Clicking element 'class:btn-login'.</msg>
<status status="PASS" starttime="20210226 20:29:45.545" endtime="20210226 20:29:46.233"></status>
</kw>
<kw name="Get WebElement" library="SeleniumLibrary">
<doc>Returns the first WebElement matching the given ``locator``.</doc>
<arguments>
<arg>id:flash</arg>
</arguments>
<assign>
<var>${message}</var>
</assign>
<msg timestamp="20210226 20:29:46.253" level="INFO">${message} = &lt;selenium.webdriver.remote.webelement.WebElement (session="98106a1462630f2a1977bec55c5c6040", element="ba0f118b-7d67-4c14-8ca7-1b126929496b")&gt;</msg>
<status status="PASS" starttime="20210226 20:29:46.234" endtime="20210226 20:29:46.253"></status>
</kw>
<kw name="Should Contain" library="BuiltIn">
<doc>Fails if ``container`` does not contain ``item`` one or more times.</doc>
<arguments>
<arg>${message.text}</arg>
<arg>O usuário informado não está cadastrado!</arg>
</arguments>
<status status="PASS" starttime="20210226 20:29:46.253" endtime="20210226 20:29:46.285"></status>
</kw>
<kw name="Encerra sessão" library="base" type="teardown">
<kw name="Capture Page Screenshot" library="SeleniumLibrary">
<doc>Takes a screenshot of the current page and embeds it into a log file.</doc>
<msg timestamp="20210226 20:29:46.648" level="INFO" html="yes">&lt;/td&gt;&lt;/tr&gt;&lt;tr&gt;&lt;td colspan="3"&gt;&lt;a href="selenium-screenshot-6.png"&gt;&lt;img src="selenium-screenshot-6.png" width="800px"&gt;&lt;/a&gt;</msg>
<status status="PASS" starttime="20210226 20:29:46.287" endtime="20210226 20:29:46.648"></status>
</kw>
<kw name="Close Browser" library="SeleniumLibrary">
<doc>Closes the current browser.</doc>
<status status="PASS" starttime="20210226 20:29:46.649" endtime="20210226 20:29:46.749"></status>
</kw>
<status status="PASS" starttime="20210226 20:29:46.286" endtime="20210226 20:29:46.750"></status>
</kw>
<tags>
<tag>login_user404</tag>
</tags>
<status status="PASS" starttime="20210226 20:29:28.605" endtime="20210226 20:29:46.750" critical="yes"></status>
</test>
<status status="PASS" starttime="20210226 20:28:54.803" endtime="20210226 20:29:46.754"></status>
</suite>
<statistics>
<total>
<stat pass="3" fail="0">Critical Tests</stat>
<stat pass="3" fail="0">All Tests</stat>
</total>
<tag>
<stat pass="1" fail="0">login_error</stat>
<stat pass="1" fail="0">login_user404</stat>
</tag>
<suite>
<stat pass="3" fail="0" id="s1" name="Login Form">Login Form</stat>
</suite>
</statistics>
<errors>
</errors>
</robot>
