<?xml version="1.0" encoding="UTF-8"?>
<robot generator="Robot 3.2.2 (Python 3.9.1 on darwin)" generated="20210226 21:02:01.976" rpa="false">
<suite id="s1" name="Login Form" source="/Users/robsonrocha/Documents/workspace/estudorobot/robot/web/tests/login_form.robot">
<test id="s1-t1" name="Login com sucesso">
<kw name="Nova sessão" library="base" type="setup">
<kw name="Open Browser" library="SeleniumLibrary">
<doc>Opens a new browser instance to the optional ``url``.</doc>
<arguments>
<arg>${url}</arg>
<arg>chrome</arg>
</arguments>
<msg timestamp="20210226 21:02:02.303" level="INFO">Opening browser 'chrome' to base url 'https://training-wheels-protocol.herokuapp.com'.</msg>
<status status="PASS" starttime="20210226 21:02:02.302" endtime="20210226 21:02:14.573"></status>
</kw>
<kw name="Maximize Browser Window" library="SeleniumLibrary">
<doc>Maximizes current browser window.</doc>
<status status="PASS" starttime="20210226 21:02:14.574" endtime="20210226 21:02:14.715"></status>
</kw>
<status status="PASS" starttime="20210226 21:02:02.302" endtime="20210226 21:02:14.715"></status>
</kw>
<kw name="Go To" library="SeleniumLibrary">
<doc>Navigates the current browser window to the provided ``url``.</doc>
<arguments>
<arg>${url}/login</arg>
</arguments>
<msg timestamp="20210226 21:02:14.716" level="INFO">Opening url 'https://training-wheels-protocol.herokuapp.com/login'</msg>
<status status="PASS" starttime="20210226 21:02:14.716" endtime="20210226 21:02:15.428"></status>
</kw>
<kw name="Input Text" library="SeleniumLibrary">
<doc>Types the given ``text`` into the text field identified by ``locator``.</doc>
<arguments>
<arg>css:input[name=username]</arg>
<arg>${user}</arg>
</arguments>
<msg timestamp="20210226 21:02:15.429" level="INFO">Typing text 'stark' into text field 'css:input[name=username]'.</msg>
<status status="PASS" starttime="20210226 21:02:15.429" endtime="20210226 21:02:15.584"></status>
</kw>
<kw name="Input Text" library="SeleniumLibrary">
<doc>Types the given ``text`` into the text field identified by ``locator``.</doc>
<arguments>
<arg>css:input[name=password]</arg>
<arg>${pwd}</arg>
</arguments>
<msg timestamp="20210226 21:02:15.585" level="INFO">Typing text 'jarvis!' into text field 'css:input[name=password]'.</msg>
<status status="PASS" starttime="20210226 21:02:15.584" endtime="20210226 21:02:15.707"></status>
</kw>
<kw name="Click Element" library="SeleniumLibrary">
<doc>Click the element identified by ``locator``.</doc>
<arguments>
<arg>class:btn-login</arg>
</arguments>
<msg timestamp="20210226 21:02:15.708" level="INFO">Clicking element 'class:btn-login'.</msg>
<status status="PASS" starttime="20210226 21:02:15.707" endtime="20210226 21:02:16.616"></status>
</kw>
<kw name="Page Should Contain" library="SeleniumLibrary">
<doc>Verifies that current page contains ``text``.</doc>
<arguments>
<arg>Olá, Tony Stark. Você acessou a área logada!</arg>
</arguments>
<msg timestamp="20210226 21:02:16.644" level="INFO">Current page contains text 'Olá, Tony Stark. Você acessou a área logada!'.</msg>
<status status="PASS" starttime="20210226 21:02:16.616" endtime="20210226 21:02:16.644"></status>
</kw>
<kw name="Encerra sessão" library="base" type="teardown">
<kw name="Capture Page Screenshot" library="SeleniumLibrary">
<doc>Takes a screenshot of the current page and embeds it into a log file.</doc>
<msg timestamp="20210226 21:02:17.210" level="INFO" html="yes">&lt;/td&gt;&lt;/tr&gt;&lt;tr&gt;&lt;td colspan="3"&gt;&lt;a href="selenium-screenshot-7.png"&gt;&lt;img src="selenium-screenshot-7.png" width="800px"&gt;&lt;/a&gt;</msg>
<status status="PASS" starttime="20210226 21:02:16.646" endtime="20210226 21:02:17.210"></status>
</kw>
<kw name="Close Browser" library="SeleniumLibrary">
<doc>Closes the current browser.</doc>
<status status="PASS" starttime="20210226 21:02:17.210" endtime="20210226 21:02:17.383"></status>
</kw>
<status status="PASS" starttime="20210226 21:02:16.645" endtime="20210226 21:02:17.383"></status>
</kw>
<status status="PASS" starttime="20210226 21:02:02.300" endtime="20210226 21:02:17.384" critical="yes"></status>
</test>
<test id="s1-t2" name="Senha invalida">
<kw name="Nova sessão" library="base" type="setup">
<kw name="Open Browser" library="SeleniumLibrary">
<doc>Opens a new browser instance to the optional ``url``.</doc>
<arguments>
<arg>${url}</arg>
<arg>chrome</arg>
</arguments>
<msg timestamp="20210226 21:02:17.388" level="INFO">Opening browser 'chrome' to base url 'https://training-wheels-protocol.herokuapp.com'.</msg>
<status status="PASS" starttime="20210226 21:02:17.388" endtime="20210226 21:02:25.817"></status>
</kw>
<kw name="Maximize Browser Window" library="SeleniumLibrary">
<doc>Maximizes current browser window.</doc>
<status status="PASS" starttime="20210226 21:02:25.817" endtime="20210226 21:02:25.959"></status>
</kw>
<status status="PASS" starttime="20210226 21:02:17.387" endtime="20210226 21:02:25.960"></status>
</kw>
<kw name="Go To" library="SeleniumLibrary">
<doc>Navigates the current browser window to the provided ``url``.</doc>
<arguments>
<arg>${url}/login</arg>
</arguments>
<msg timestamp="20210226 21:02:25.961" level="INFO">Opening url 'https://training-wheels-protocol.herokuapp.com/login'</msg>
<status status="PASS" starttime="20210226 21:02:25.961" endtime="20210226 21:02:26.807"></status>
</kw>
<kw name="Input Text" library="SeleniumLibrary">
<doc>Types the given ``text`` into the text field identified by ``locator``.</doc>
<arguments>
<arg>css:input[name=username]</arg>
<arg>stark</arg>
</arguments>
<msg timestamp="20210226 21:02:26.809" level="INFO">Typing text 'stark' into text field 'css:input[name=username]'.</msg>
<status status="PASS" starttime="20210226 21:02:26.808" endtime="20210226 21:02:26.963"></status>
</kw>
<kw name="Input Text" library="SeleniumLibrary">
<doc>Types the given ``text`` into the text field identified by ``locator``.</doc>
<arguments>
<arg>css:input[name=password]</arg>
<arg>123!</arg>
</arguments>
<msg timestamp="20210226 21:02:26.964" level="INFO">Typing text '123!' into text field 'css:input[name=password]'.</msg>
<status status="PASS" starttime="20210226 21:02:26.963" endtime="20210226 21:02:27.073"></status>
</kw>
<kw name="Sleep" library="BuiltIn">
<doc>Pauses the test executed for the given time.</doc>
<arguments>
<arg>5</arg>
</arguments>
<msg timestamp="20210226 21:02:32.074" level="INFO">Slept 5 seconds</msg>
<status status="PASS" starttime="20210226 21:02:27.073" endtime="20210226 21:02:32.075"></status>
</kw>
<kw name="Click Element" library="SeleniumLibrary">
<doc>Click the element identified by ``locator``.</doc>
<arguments>
<arg>class:btn-login</arg>
</arguments>
<msg timestamp="20210226 21:02:32.076" level="INFO">Clicking element 'class:btn-login'.</msg>
<status status="PASS" starttime="20210226 21:02:32.076" endtime="20210226 21:02:32.823"></status>
</kw>
<kw name="Get WebElement" library="SeleniumLibrary">
<doc>Returns the first WebElement matching the given ``locator``.</doc>
<arguments>
<arg>id:flash</arg>
</arguments>
<assign>
<var>${message}</var>
</assign>
<msg timestamp="20210226 21:02:32.837" level="INFO">${message} = &lt;selenium.webdriver.remote.webelement.WebElement (session="21262d98f957d5116449fc3d0038cfe6", element="bdb69183-d914-4979-ab0c-aaf0a2bed4cd")&gt;</msg>
<status status="PASS" starttime="20210226 21:02:32.824" endtime="20210226 21:02:32.837"></status>
</kw>
<kw name="Should Contain" library="BuiltIn">
<doc>Fails if ``container`` does not contain ``item`` one or more times.</doc>
<arguments>
<arg>${message.text}</arg>
<arg>Senha é invalida!</arg>
</arguments>
<status status="PASS" starttime="20210226 21:02:32.838" endtime="20210226 21:02:32.864"></status>
</kw>
<kw name="Encerra sessão" library="base" type="teardown">
<kw name="Capture Page Screenshot" library="SeleniumLibrary">
<doc>Takes a screenshot of the current page and embeds it into a log file.</doc>
<msg timestamp="20210226 21:02:33.224" level="INFO" html="yes">&lt;/td&gt;&lt;/tr&gt;&lt;tr&gt;&lt;td colspan="3"&gt;&lt;a href="selenium-screenshot-8.png"&gt;&lt;img src="selenium-screenshot-8.png" width="800px"&gt;&lt;/a&gt;</msg>
<status status="PASS" starttime="20210226 21:02:32.866" endtime="20210226 21:02:33.224"></status>
</kw>
<kw name="Close Browser" library="SeleniumLibrary">
<doc>Closes the current browser.</doc>
<status status="PASS" starttime="20210226 21:02:33.224" endtime="20210226 21:02:33.605"></status>
</kw>
<status status="PASS" starttime="20210226 21:02:32.865" endtime="20210226 21:02:33.605"></status>
</kw>
<tags>
<tag>login_error</tag>
</tags>
<status status="PASS" starttime="20210226 21:02:17.386" endtime="20210226 21:02:33.606" critical="yes"></status>
</test>
<test id="s1-t3" name="Usuário não existe">
<kw name="Nova sessão" library="base" type="setup">
<kw name="Open Browser" library="SeleniumLibrary">
<doc>Opens a new browser instance to the optional ``url``.</doc>
<arguments>
<arg>${url}</arg>
<arg>chrome</arg>
</arguments>
<msg timestamp="20210226 21:02:33.611" level="INFO">Opening browser 'chrome' to base url 'https://training-wheels-protocol.herokuapp.com'.</msg>
<status status="PASS" starttime="20210226 21:02:33.610" endtime="20210226 21:02:43.456"></status>
</kw>
<kw name="Maximize Browser Window" library="SeleniumLibrary">
<doc>Maximizes current browser window.</doc>
<status status="PASS" starttime="20210226 21:02:43.457" endtime="20210226 21:02:43.592"></status>
</kw>
<status status="PASS" starttime="20210226 21:02:33.609" endtime="20210226 21:02:43.593"></status>
</kw>
<kw name="Go To" library="SeleniumLibrary">
<doc>Navigates the current browser window to the provided ``url``.</doc>
<arguments>
<arg>${url}/login</arg>
</arguments>
<msg timestamp="20210226 21:02:43.594" level="INFO">Opening url 'https://training-wheels-protocol.herokuapp.com/login'</msg>
<status status="PASS" starttime="20210226 21:02:43.593" endtime="20210226 21:02:44.362"></status>
</kw>
<kw name="Input Text" library="SeleniumLibrary">
<doc>Types the given ``text`` into the text field identified by ``locator``.</doc>
<arguments>
<arg>css:input[name=username]</arg>
<arg>robson</arg>
</arguments>
<msg timestamp="20210226 21:02:44.364" level="INFO">Typing text 'robson' into text field 'css:input[name=username]'.</msg>
<status status="PASS" starttime="20210226 21:02:44.363" endtime="20210226 21:02:44.510"></status>
</kw>
<kw name="Input Text" library="SeleniumLibrary">
<doc>Types the given ``text`` into the text field identified by ``locator``.</doc>
<arguments>
<arg>css:input[name=password]</arg>
<arg>123!</arg>
</arguments>
<msg timestamp="20210226 21:02:44.510" level="INFO">Typing text '123!' into text field 'css:input[name=password]'.</msg>
<status status="PASS" starttime="20210226 21:02:44.510" endtime="20210226 21:02:44.623"></status>
</kw>
<kw name="Sleep" library="BuiltIn">
<doc>Pauses the test executed for the given time.</doc>
<arguments>
<arg>5</arg>
</arguments>
<msg timestamp="20210226 21:02:49.625" level="INFO">Slept 5 seconds</msg>
<status status="PASS" starttime="20210226 21:02:44.623" endtime="20210226 21:02:49.625"></status>
</kw>
<kw name="Click Element" library="SeleniumLibrary">
<doc>Click the element identified by ``locator``.</doc>
<arguments>
<arg>class:btn-login</arg>
</arguments>
<msg timestamp="20210226 21:02:49.626" level="INFO">Clicking element 'class:btn-login'.</msg>
<status status="PASS" starttime="20210226 21:02:49.625" endtime="20210226 21:02:50.491"></status>
</kw>
<kw name="Get WebElement" library="SeleniumLibrary">
<doc>Returns the first WebElement matching the given ``locator``.</doc>
<arguments>
<arg>id:flash</arg>
</arguments>
<assign>
<var>${message}</var>
</assign>
<msg timestamp="20210226 21:02:50.508" level="INFO">${message} = &lt;selenium.webdriver.remote.webelement.WebElement (session="2a9b44fd825e783141a2c2375dbc18aa", element="4fd67f46-c667-4e26-a483-a915c359f1e5")&gt;</msg>
<status status="PASS" starttime="20210226 21:02:50.492" endtime="20210226 21:02:50.508"></status>
</kw>
<kw name="Should Contain" library="BuiltIn">
<doc>Fails if ``container`` does not contain ``item`` one or more times.</doc>
<arguments>
<arg>${message.text}</arg>
<arg>O usuário informado não está cadastrado!</arg>
</arguments>
<status status="PASS" starttime="20210226 21:02:50.509" endtime="20210226 21:02:50.533"></status>
</kw>
<kw name="Encerra sessão" library="base" type="teardown">
<kw name="Capture Page Screenshot" library="SeleniumLibrary">
<doc>Takes a screenshot of the current page and embeds it into a log file.</doc>
<msg timestamp="20210226 21:02:50.891" level="INFO" html="yes">&lt;/td&gt;&lt;/tr&gt;&lt;tr&gt;&lt;td colspan="3"&gt;&lt;a href="selenium-screenshot-9.png"&gt;&lt;img src="selenium-screenshot-9.png" width="800px"&gt;&lt;/a&gt;</msg>
<status status="PASS" starttime="20210226 21:02:50.535" endtime="20210226 21:02:50.891"></status>
</kw>
<kw name="Close Browser" library="SeleniumLibrary">
<doc>Closes the current browser.</doc>
<status status="PASS" starttime="20210226 21:02:50.892" endtime="20210226 21:02:51.010"></status>
</kw>
<status status="PASS" starttime="20210226 21:02:50.534" endtime="20210226 21:02:51.010"></status>
</kw>
<tags>
<tag>login_user404</tag>
</tags>
<status status="PASS" starttime="20210226 21:02:33.608" endtime="20210226 21:02:51.011" critical="yes"></status>
</test>
<status status="PASS" starttime="20210226 21:02:01.979" endtime="20210226 21:02:51.015"></status>
</suite>
<statistics>
<total>
<stat pass="3" fail="0">Critical Tests</stat>
<stat pass="3" fail="0">All Tests</stat>
</total>
<tag>
<stat pass="1" fail="0">login_error</stat>
<stat pass="1" fail="0">login_user404</stat>
</tag>
<suite>
<stat pass="3" fail="0" id="s1" name="Login Form">Login Form</stat>
</suite>
</statistics>
<errors>
</errors>
</robot>
